2023-07-27T14:39:12.009-0300 [INFO]  Terraform version: 1.5.3
2023-07-27T14:39:12.009-0300 [DEBUG] using github.com/hashicorp/go-tfe v1.26.0
2023-07-27T14:39:12.009-0300 [DEBUG] using github.com/hashicorp/hcl/v2 v2.16.2
2023-07-27T14:39:12.009-0300 [DEBUG] using github.com/hashicorp/terraform-svchost v0.1.0
2023-07-27T14:39:12.009-0300 [DEBUG] using github.com/zclconf/go-cty v1.12.2
2023-07-27T14:39:12.009-0300 [INFO]  Go runtime version: go1.20
2023-07-27T14:39:12.009-0300 [INFO]  CLI args: []string{"terraform", "apply", "--auto-approve"}
2023-07-27T14:39:12.009-0300 [TRACE] Stdout is not a terminal
2023-07-27T14:39:12.009-0300 [TRACE] Stderr is not a terminal
2023-07-27T14:39:12.009-0300 [TRACE] Stdin is a terminal
2023-07-27T14:39:12.009-0300 [DEBUG] Attempting to open CLI config file: /home/joao/.terraformrc
2023-07-27T14:39:12.009-0300 [DEBUG] File doesn't exist, but doesn't need to. Ignoring.
2023-07-27T14:39:12.009-0300 [DEBUG] ignoring non-existing provider search directory terraform.d/plugins
2023-07-27T14:39:12.009-0300 [DEBUG] ignoring non-existing provider search directory /home/joao/.terraform.d/plugins
2023-07-27T14:39:12.009-0300 [DEBUG] ignoring non-existing provider search directory /home/joao/.local/share/terraform/plugins
2023-07-27T14:39:12.009-0300 [DEBUG] ignoring non-existing provider search directory /usr/share/ubuntu/terraform/plugins
2023-07-27T14:39:12.009-0300 [DEBUG] ignoring non-existing provider search directory /usr/share/gnome/terraform/plugins
2023-07-27T14:39:12.009-0300 [DEBUG] ignoring non-existing provider search directory /usr/local/share/terraform/plugins
2023-07-27T14:39:12.009-0300 [DEBUG] ignoring non-existing provider search directory /usr/share/terraform/plugins
2023-07-27T14:39:12.009-0300 [DEBUG] ignoring non-existing provider search directory /var/lib/snapd/desktop/terraform/plugins
2023-07-27T14:39:12.009-0300 [INFO]  CLI command args: []string{"apply", "--auto-approve"}
2023-07-27T14:39:12.014-0300 [TRACE] Meta.Backend: built configuration for "s3" backend with hash value 3417287883
2023-07-27T14:39:12.014-0300 [TRACE] Preserving existing state lineage "e9e790db-dedf-f391-8e67-6834f9b44b85"
2023-07-27T14:39:12.014-0300 [TRACE] Preserving existing state lineage "e9e790db-dedf-f391-8e67-6834f9b44b85"
2023-07-27T14:39:12.015-0300 [TRACE] Meta.Backend: working directory was previously initialized for "s3" backend
2023-07-27T14:39:12.015-0300 [TRACE] Meta.Backend: using already-initialized, unchanged "s3" backend configuration
2023-07-27T14:39:12.016-0300 [INFO]  AWS Auth provider used: "SharedCredentialsProvider"
2023-07-27T14:39:12.017-0300 [DEBUG] Trying to get account information via sts:GetCallerIdentity
2023-07-27T14:39:12.018-0300 [DEBUG] [aws-sdk-go] DEBUG: Request sts/GetCallerIdentity Details:
---[ REQUEST POST-SIGN ]-----------------------------
POST / HTTP/1.1
Host: sts.amazonaws.com
User-Agent: APN/1.0 HashiCorp/1.0 Terraform/1.5.3 aws-sdk-go/1.44.122 (go1.20; linux; amd64)
Content-Length: 43
Authorization: AWS4-HMAC-SHA256 Credential=AKIA3T4KIJSUPL43D7UC/20230727/us-east-1/sts/aws4_request, SignedHeaders=content-length;content-type;host;x-amz-date, Signature=6e99ced88f3800c413118f3b3d6ef7bf7591c21e52dca7bcdbf553a44366cd0d
Content-Type: application/x-www-form-urlencoded; charset=utf-8
X-Amz-Date: 20230727T173912Z
Accept-Encoding: gzip

Action=GetCallerIdentity&Version=2011-06-15
-----------------------------------------------------
2023-07-27T14:39:12.628-0300 [DEBUG] [aws-sdk-go] DEBUG: Response sts/GetCallerIdentity Details:
---[ RESPONSE ]--------------------------------------
HTTP/1.1 200 OK
Connection: close
Content-Length: 406
Content-Type: text/xml
Date: Thu, 27 Jul 2023 17:39:12 GMT
X-Amzn-Requestid: ec37ba97-6c7c-4534-a040-6753a1a896f0


-----------------------------------------------------
2023-07-27T14:39:12.628-0300 [DEBUG] [aws-sdk-go] <GetCallerIdentityResponse xmlns="https://sts.amazonaws.com/doc/2011-06-15/">
  <GetCallerIdentityResult>
    <Arn>arn:aws:iam::798616997032:user/terraform</Arn>
    <UserId>AIDA3T4KIJSUBNDE7DFIE</UserId>
    <Account>798616997032</Account>
  </GetCallerIdentityResult>
  <ResponseMetadata>
    <RequestId>ec37ba97-6c7c-4534-a040-6753a1a896f0</RequestId>
  </ResponseMetadata>
</GetCallerIdentityResponse>
2023-07-27T14:39:12.628-0300 [TRACE] Meta.Backend: instantiated backend of type *s3.Backend
2023-07-27T14:39:12.629-0300 [TRACE] providercache.fillMetaCache: scanning directory .terraform/providers
2023-07-27T14:39:12.629-0300 [TRACE] getproviders.SearchLocalDirectory: found registry.terraform.io/hashicorp/aws v4.67.0 for linux_amd64 at .terraform/providers/registry.terraform.io/hashicorp/aws/4.67.0/linux_amd64
2023-07-27T14:39:12.629-0300 [TRACE] getproviders.SearchLocalDirectory: found registry.terraform.io/hashicorp/local v2.4.0 for linux_amd64 at .terraform/providers/registry.terraform.io/hashicorp/local/2.4.0/linux_amd64
2023-07-27T14:39:12.629-0300 [TRACE] getproviders.SearchLocalDirectory: found registry.terraform.io/hashicorp/template v2.2.0 for linux_amd64 at .terraform/providers/registry.terraform.io/hashicorp/template/2.2.0/linux_amd64
2023-07-27T14:39:12.629-0300 [TRACE] providercache.fillMetaCache: including .terraform/providers/registry.terraform.io/hashicorp/aws/4.67.0/linux_amd64 as a candidate package for registry.terraform.io/hashicorp/aws 4.67.0
2023-07-27T14:39:12.629-0300 [TRACE] providercache.fillMetaCache: including .terraform/providers/registry.terraform.io/hashicorp/local/2.4.0/linux_amd64 as a candidate package for registry.terraform.io/hashicorp/local 2.4.0
2023-07-27T14:39:12.629-0300 [TRACE] providercache.fillMetaCache: including .terraform/providers/registry.terraform.io/hashicorp/template/2.2.0/linux_amd64 as a candidate package for registry.terraform.io/hashicorp/template 2.2.0
2023-07-27T14:39:13.595-0300 [TRACE] providercache.fillMetaCache: using cached result from previous scan of .terraform/providers
2023-07-27T14:39:13.649-0300 [DEBUG] checking for provisioner in "."
2023-07-27T14:39:13.655-0300 [DEBUG] checking for provisioner in "/usr/bin"
2023-07-27T14:39:13.655-0300 [TRACE] Meta.Backend: backend *s3.Backend does not support operations, so wrapping it in a local backend
2023-07-27T14:39:13.656-0300 [INFO]  backend/local: starting Apply operation
2023-07-27T14:39:13.656-0300 [TRACE] backend/local: requesting state manager for workspace "prod"
2023-07-27T14:39:13.656-0300 [DEBUG] [aws-sdk-go] DEBUG: Request s3/ListObjects Details:
---[ REQUEST POST-SIGN ]-----------------------------
GET /?max-keys=1000&prefix=env%3A%2F HTTP/1.1
Host: captainofthesea-tfstate.s3.amazonaws.com
User-Agent: APN/1.0 HashiCorp/1.0 Terraform/1.5.3 aws-sdk-go/1.44.122 (go1.20; linux; amd64)
Authorization: AWS4-HMAC-SHA256 Credential=AKIA3T4KIJSUPL43D7UC/20230727/us-east-1/s3/aws4_request, SignedHeaders=host;x-amz-content-sha256;x-amz-date, Signature=bbae7a609d872f9a1ea434a21c65b9025d0813ed64a77f92c1ceb2c6a5cfe34e
X-Amz-Content-Sha256: e3b0c44298fc1c149afbf4c8996fb92427ae41e4649b934ca495991b7852b855
X-Amz-Date: 20230727T173913Z
Accept-Encoding: gzip


-----------------------------------------------------
2023-07-27T14:39:14.253-0300 [DEBUG] [aws-sdk-go] DEBUG: Response s3/ListObjects Details:
---[ RESPONSE ]--------------------------------------
HTTP/1.1 403 Forbidden
Connection: close
Transfer-Encoding: chunked
Content-Type: application/xml
Date: Thu, 27 Jul 2023 17:39:13 GMT
Server: AmazonS3
X-Amz-Bucket-Region: us-east-1
X-Amz-Id-2: rWFq5MYwBMP2+WtlxSicVfcXY5eVQLBLF48k4mlfXoG1cvDqPru/OBSbqBCpbQ3VKU5e62Zy5sM=
X-Amz-Request-Id: 98VDM2CY33MTAYQ8


-----------------------------------------------------
2023-07-27T14:39:14.253-0300 [DEBUG] [aws-sdk-go] <?xml version="1.0" encoding="UTF-8"?>
<Error><Code>AccessDenied</Code><Message>Access Denied</Message><RequestId>98VDM2CY33MTAYQ8</RequestId><HostId>rWFq5MYwBMP2+WtlxSicVfcXY5eVQLBLF48k4mlfXoG1cvDqPru/OBSbqBCpbQ3VKU5e62Zy5sM=</HostId></Error>
2023-07-27T14:39:14.253-0300 [DEBUG] [aws-sdk-go] DEBUG: Validate Response s3/ListObjects failed, attempt 0/5, error AccessDenied: Access Denied
	status code: 403, request id: 98VDM2CY33MTAYQ8, host id: rWFq5MYwBMP2+WtlxSicVfcXY5eVQLBLF48k4mlfXoG1cvDqPru/OBSbqBCpbQ3VKU5e62Zy5sM=
2023-07-27T14:39:14.253-0300 [DEBUG] [aws-sdk-go] DEBUG: Request s3/GetObject Details:
---[ REQUEST POST-SIGN ]-----------------------------
GET /env%3A/prod/captain/terraform.tfstate HTTP/1.1
Host: captainofthesea-tfstate.s3.amazonaws.com
User-Agent: APN/1.0 HashiCorp/1.0 Terraform/1.5.3 aws-sdk-go/1.44.122 (go1.20; linux; amd64)
Authorization: AWS4-HMAC-SHA256 Credential=AKIA3T4KIJSUPL43D7UC/20230727/us-east-1/s3/aws4_request, SignedHeaders=host;x-amz-content-sha256;x-amz-date, Signature=a8f463360086c71d9b4f91a8249e242bc3e0504ff475929113a2a540e0e9ffce
X-Amz-Content-Sha256: e3b0c44298fc1c149afbf4c8996fb92427ae41e4649b934ca495991b7852b855
X-Amz-Date: 20230727T173914Z
Accept-Encoding: gzip


-----------------------------------------------------
2023-07-27T14:39:14.840-0300 [DEBUG] [aws-sdk-go] DEBUG: Response s3/GetObject Details:
---[ RESPONSE ]--------------------------------------
HTTP/1.1 403 Forbidden
Connection: close
Transfer-Encoding: chunked
Content-Type: application/xml
Date: Thu, 27 Jul 2023 17:39:13 GMT
Server: AmazonS3
X-Amz-Id-2: yprpsQYRwcRQyPzWIVn0u9PH7DqfkfURBk9waVDtxwVey5dLiyr9/qe2JVPq4chziqXJmRDABeyBL6LYefCdug==
X-Amz-Request-Id: 98VFE2DKF5VER4TC


-----------------------------------------------------
2023-07-27T14:39:14.840-0300 [DEBUG] [aws-sdk-go] <?xml version="1.0" encoding="UTF-8"?>
<Error><Code>AccessDenied</Code><Message>Access Denied</Message><RequestId>98VFE2DKF5VER4TC</RequestId><HostId>yprpsQYRwcRQyPzWIVn0u9PH7DqfkfURBk9waVDtxwVey5dLiyr9/qe2JVPq4chziqXJmRDABeyBL6LYefCdug==</HostId></Error>
2023-07-27T14:39:14.840-0300 [DEBUG] [aws-sdk-go] DEBUG: Validate Response s3/GetObject failed, attempt 0/5, error AccessDenied: Access Denied
	status code: 403, request id: 98VFE2DKF5VER4TC, host id: yprpsQYRwcRQyPzWIVn0u9PH7DqfkfURBk9waVDtxwVey5dLiyr9/qe2JVPq4chziqXJmRDABeyBL6LYefCdug==
[31m╷[0m[0m
[31m│[0m [0m[1m[31mError: [0m[0m[1merror loading state: AccessDenied: Access Denied
[31m│[0m [0m	status code: 403, request id: 98VFE2DKF5VER4TC, host id: yprpsQYRwcRQyPzWIVn0u9PH7DqfkfURBk9waVDtxwVey5dLiyr9/qe2JVPq4chziqXJmRDABeyBL6LYefCdug==[0m
[31m│[0m [0m
[31m│[0m [0m[0m
[31m╵[0m[0m
